2024-12-23T11:16:28.848Z [32minfo[39m: Log Ma'lumotlari 
2024-12-23T11:16:28.850Z [31merror[39m: Error ma'lumotlari 
2024-12-23T11:16:28.850Z [33mwarn[39m: warn Ma'lumotlari 
2024-12-23T11:16:28.851Z [32minfo[39m: info Ma'lumotlari 
2024-12-23T11:21:26.844Z [32minfo[39m: Log Ma'lumotlari 
2024-12-23T11:21:26.846Z [31merror[39m: Error ma'lumotlari 
2024-12-23T11:21:26.846Z [33mwarn[39m: warn Ma'lumotlari 
2024-12-23T11:21:26.846Z [32minfo[39m: info Ma'lumotlari 
2024-12-23T11:21:27.551Z [32minfo[39m: Log Ma'lumotlari 
2024-12-23T11:21:27.553Z [31merror[39m: Error ma'lumotlari 
2024-12-23T11:21:27.554Z [33mwarn[39m: warn Ma'lumotlari 
2024-12-23T11:21:27.554Z [32minfo[39m: info Ma'lumotlari 
2024-12-23T11:21:40.266Z [32minfo[39m: Log Ma'lumotlari 
2024-12-23T11:21:40.268Z [31merror[39m: Error ma'lumotlari 
2024-12-23T11:21:40.269Z [33mwarn[39m: warn Ma'lumotlari 
2024-12-23T11:21:40.269Z [32minfo[39m: info Ma'lumotlari 
2024-12-23T11:21:47.713Z [32minfo[39m: Log Ma'lumotlari 
2024-12-23T11:21:47.715Z [31merror[39m: Error ma'lumotlari 
2024-12-23T11:21:47.715Z [33mwarn[39m: warn Ma'lumotlari 
2024-12-23T11:21:47.716Z [32minfo[39m: info Ma'lumotlari 
2024-12-23T11:21:53.784Z [32minfo[39m: Log Ma'lumotlari 
2024-12-23T11:21:53.786Z [31merror[39m: Error ma'lumotlari 
2024-12-23T11:21:53.787Z [33mwarn[39m: warn Ma'lumotlari 
2024-12-23T11:21:53.787Z [32minfo[39m: info Ma'lumotlari 
2024-12-23T11:21:54.847Z [32minfo[39m: Log Ma'lumotlari 
2024-12-23T11:21:54.849Z [31merror[39m: Error ma'lumotlari 
2024-12-23T11:21:54.850Z [33mwarn[39m: warn Ma'lumotlari 
2024-12-23T11:21:54.850Z [32minfo[39m: info Ma'lumotlari 
2024-12-23T11:22:19.423Z [32minfo[39m: Log Ma'lumotlari 
2024-12-23T11:22:19.425Z [31merror[39m: Error ma'lumotlari 
2024-12-23T11:22:19.426Z [33mwarn[39m: warn Ma'lumotlari 
2024-12-23T11:22:19.426Z [32minfo[39m: info Ma'lumotlari 
2024-12-23T11:23:32.627Z [32minfo[39m: Log Ma'lumotlari 
2024-12-23T11:23:32.629Z [31merror[39m: Error ma'lumotlari 
2024-12-23T11:23:32.629Z [33mwarn[39m: warn Ma'lumotlari 
2024-12-23T11:23:32.630Z [32minfo[39m: info Ma'lumotlari 
2024-12-23T11:23:47.005Z [32minfo[39m: Log Ma'lumotlari 
2024-12-23T11:23:47.007Z [31merror[39m: Error ma'lumotlari 
2024-12-23T11:23:47.008Z [33mwarn[39m: warn Ma'lumotlari 
2024-12-23T11:23:47.008Z [32minfo[39m: info Ma'lumotlari 
2024-12-23T11:23:54.765Z [32minfo[39m: Log Ma'lumotlari 
2024-12-23T11:23:54.767Z [31merror[39m: Error ma'lumotlari 
2024-12-23T11:23:54.768Z [33mwarn[39m: warn Ma'lumotlari 
2024-12-23T11:23:54.768Z [32minfo[39m: info Ma'lumotlari 
2024-12-23T11:23:59.821Z [32minfo[39m: Log Ma'lumotlari 
2024-12-23T11:23:59.823Z [31merror[39m: Error ma'lumotlari 
2024-12-23T11:23:59.824Z [33mwarn[39m: warn Ma'lumotlari 
2024-12-23T11:23:59.824Z [32minfo[39m: info Ma'lumotlari 
2024-12-23T11:24:07.663Z [32minfo[39m: Log Ma'lumotlari 
2024-12-23T11:24:07.665Z [31merror[39m: Error ma'lumotlari 
2024-12-23T11:24:07.665Z [33mwarn[39m: warn Ma'lumotlari 
2024-12-23T11:24:07.665Z [32minfo[39m: info Ma'lumotlari 
2024-12-23T11:24:16.813Z [32minfo[39m: Log Ma'lumotlari 
2024-12-23T11:24:16.815Z [31merror[39m: Error ma'lumotlari 
2024-12-23T11:24:16.815Z [33mwarn[39m: warn Ma'lumotlari 
2024-12-23T11:24:16.816Z [32minfo[39m: info Ma'lumotlari 
2024-12-23T11:24:40.198Z [32minfo[39m: Log Ma'lumotlari 
2024-12-23T11:24:40.200Z [31merror[39m: Error ma'lumotlari 
2024-12-23T11:24:40.204Z [33mwarn[39m: warn Ma'lumotlari 
2024-12-23T11:24:40.204Z [32minfo[39m: info Ma'lumotlari 
2024-12-23T11:24:45.862Z [32minfo[39m: Log Ma'lumotlari 
2024-12-23T11:24:45.864Z [31merror[39m: Error ma'lumotlari 
2024-12-23T11:24:45.864Z [33mwarn[39m: warn Ma'lumotlari 
2024-12-23T11:24:45.864Z [32minfo[39m: info Ma'lumotlari 
2024-12-23T11:24:48.232Z [32minfo[39m: Log Ma'lumotlari 
2024-12-23T11:24:48.234Z [31merror[39m: Error ma'lumotlari 
2024-12-23T11:24:48.235Z [33mwarn[39m: warn Ma'lumotlari 
2024-12-23T11:24:48.235Z [32minfo[39m: info Ma'lumotlari 
2024-12-23T11:24:55.166Z [32minfo[39m: Log Ma'lumotlari 
2024-12-23T11:24:55.168Z [31merror[39m: Error ma'lumotlari 
2024-12-23T11:24:55.168Z [33mwarn[39m: warn Ma'lumotlari 
2024-12-23T11:24:55.169Z [32minfo[39m: info Ma'lumotlari 
2024-12-23T11:25:00.058Z [32minfo[39m: Log Ma'lumotlari 
2024-12-23T11:25:00.060Z [31merror[39m: Error ma'lumotlari 
2024-12-23T11:25:00.061Z [33mwarn[39m: warn Ma'lumotlari 
2024-12-23T11:25:00.061Z [32minfo[39m: info Ma'lumotlari 
2024-12-23T11:25:03.568Z [32minfo[39m: Log Ma'lumotlari 
2024-12-23T11:25:03.570Z [31merror[39m: Error ma'lumotlari 
2024-12-23T11:25:03.570Z [33mwarn[39m: warn Ma'lumotlari 
2024-12-23T11:25:03.570Z [32minfo[39m: info Ma'lumotlari 
2024-12-23T11:25:12.436Z [32minfo[39m: Log Ma'lumotlari 
2024-12-23T11:25:12.438Z [31merror[39m: Error ma'lumotlari 
2024-12-23T11:25:12.438Z [33mwarn[39m: warn Ma'lumotlari 
2024-12-23T11:25:12.438Z [32minfo[39m: info Ma'lumotlari 
2024-12-23T11:25:15.484Z [32minfo[39m: Log Ma'lumotlari 
2024-12-23T11:25:15.486Z [31merror[39m: Error ma'lumotlari 
2024-12-23T11:25:15.488Z [33mwarn[39m: warn Ma'lumotlari 
2024-12-23T11:25:15.488Z [32minfo[39m: info Ma'lumotlari 
2024-12-23T11:25:16.581Z [32minfo[39m: Log Ma'lumotlari 
2024-12-23T11:25:16.583Z [31merror[39m: Error ma'lumotlari 
2024-12-23T11:25:16.584Z [33mwarn[39m: warn Ma'lumotlari 
2024-12-23T11:25:16.584Z [32minfo[39m: info Ma'lumotlari 
2024-12-23T11:25:20.435Z [32minfo[39m: Log Ma'lumotlari 
2024-12-23T11:25:20.437Z [31merror[39m: Error ma'lumotlari 
2024-12-23T11:25:20.437Z [33mwarn[39m: warn Ma'lumotlari 
2024-12-23T11:25:20.437Z [32minfo[39m: info Ma'lumotlari 
2024-12-23T11:36:44.134Z [32minfo[39m: Log Ma'lumotlari 
2024-12-23T11:36:44.136Z [31merror[39m: Error ma'lumotlari 
2024-12-23T11:36:44.136Z [33mwarn[39m: warn Ma'lumotlari 
2024-12-23T11:36:44.136Z [32minfo[39m: info Ma'lumotlari 
2024-12-23T11:37:19.014Z [32minfo[39m: Log Ma'lumotlari 
2024-12-23T11:37:19.016Z [31merror[39m: Error ma'lumotlari 
2024-12-23T11:37:19.017Z [33mwarn[39m: warn Ma'lumotlari 
2024-12-23T11:37:19.017Z [32minfo[39m: info Ma'lumotlari 
2024-12-23T11:43:45.004Z [32minfo[39m: Log Ma'lumotlari 
2024-12-23T11:43:45.006Z [31merror[39m: Error ma'lumotlari 
2024-12-23T11:43:45.007Z [33mwarn[39m: warn Ma'lumotlari 
2024-12-23T11:43:45.007Z [32minfo[39m: info Ma'lumotlari 
2024-12-23T11:44:06.108Z [32minfo[39m: Log Ma'lumotlari 
2024-12-23T11:44:06.111Z [31merror[39m: Error ma'lumotlari 
2024-12-23T11:44:06.111Z [33mwarn[39m: warn Ma'lumotlari 
2024-12-23T11:44:06.112Z [32minfo[39m: info Ma'lumotlari 
2024-12-23T11:44:43.500Z [32minfo[39m: Log Ma'lumotlari 
2024-12-23T11:44:43.502Z [31merror[39m: Error ma'lumotlari 
2024-12-23T11:44:43.502Z [33mwarn[39m: warn Ma'lumotlari 
2024-12-23T11:44:43.502Z [32minfo[39m: info Ma'lumotlari 
2024-12-23T12:10:18.302Z [32minfo[39m: Log Ma'lumotlari 
2024-12-23T12:10:18.306Z [31merror[39m: Error ma'lumotlari 
2024-12-23T12:10:18.307Z [33mwarn[39m: warn Ma'lumotlari 
2024-12-23T12:10:18.308Z [32minfo[39m: info Ma'lumotlari 
2024-12-23T12:10:19.090Z [32minfo[39m: Log Ma'lumotlari 
2024-12-23T12:10:19.092Z [31merror[39m: Error ma'lumotlari 
2024-12-23T12:10:19.092Z [33mwarn[39m: warn Ma'lumotlari 
2024-12-23T12:10:19.092Z [32minfo[39m: info Ma'lumotlari 
2024-12-23T12:30:28.897Z [32minfo[39m: Log Ma'lumotlari 
2024-12-23T12:30:28.899Z [31merror[39m: Error ma'lumotlari 
2024-12-23T12:30:28.900Z [33mwarn[39m: warn Ma'lumotlari 
2024-12-23T12:30:28.900Z [32minfo[39m: info Ma'lumotlari 
2024-12-23T12:30:29.633Z [32minfo[39m: Log Ma'lumotlari 
2024-12-23T12:30:29.635Z [31merror[39m: Error ma'lumotlari 
2024-12-23T12:30:29.636Z [33mwarn[39m: warn Ma'lumotlari 
2024-12-23T12:30:29.636Z [32minfo[39m: info Ma'lumotlari 
2024-12-23T13:21:05.571Z [32minfo[39m: Log Ma'lumotlari 
2024-12-23T13:21:05.576Z [31merror[39m: Error ma'lumotlari 
2024-12-23T13:21:05.576Z [33mwarn[39m: warn Ma'lumotlari 
2024-12-23T13:21:05.576Z [32minfo[39m: info Ma'lumotlari 
2024-12-23T13:21:06.470Z [32minfo[39m: Log Ma'lumotlari 
2024-12-23T13:21:06.472Z [31merror[39m: Error ma'lumotlari 
2024-12-23T13:21:06.473Z [33mwarn[39m: warn Ma'lumotlari 
2024-12-23T13:21:06.473Z [32minfo[39m: info Ma'lumotlari 
2024-12-23T13:23:16.706Z [32minfo[39m: Log Ma'lumotlari 
2024-12-23T13:23:16.716Z [31merror[39m: Error ma'lumotlari 
2024-12-23T13:23:16.716Z [33mwarn[39m: warn Ma'lumotlari 
2024-12-23T13:23:16.716Z [32minfo[39m: info Ma'lumotlari 
2024-12-24T03:15:23.729Z [32minfo[39m: Log Ma'lumotlari 
2024-12-24T03:15:23.732Z [31merror[39m: Error ma'lumotlari 
2024-12-24T03:15:23.732Z [33mwarn[39m: warn Ma'lumotlari 
2024-12-24T03:15:23.733Z [32minfo[39m: info Ma'lumotlari 
2024-12-24T03:15:24.543Z [32minfo[39m: Log Ma'lumotlari 
2024-12-24T03:15:24.546Z [31merror[39m: Error ma'lumotlari 
2024-12-24T03:15:24.546Z [33mwarn[39m: warn Ma'lumotlari 
2024-12-24T03:15:24.546Z [32minfo[39m: info Ma'lumotlari 
2024-12-24T03:16:01.563Z [32minfo[39m: Log Ma'lumotlari 
2024-12-24T03:16:01.565Z [31merror[39m: Error ma'lumotlari 
2024-12-24T03:16:01.565Z [33mwarn[39m: warn Ma'lumotlari 
2024-12-24T03:16:01.566Z [32minfo[39m: info Ma'lumotlari 
2024-12-24T03:16:30.660Z [32minfo[39m: Log Ma'lumotlari 
2024-12-24T03:16:30.678Z [31merror[39m: Error ma'lumotlari 
2024-12-24T03:16:30.679Z [33mwarn[39m: warn Ma'lumotlari 
2024-12-24T03:16:30.679Z [32minfo[39m: info Ma'lumotlari 
2024-12-24T03:16:32.564Z [32minfo[39m: Log Ma'lumotlari 
2024-12-24T03:16:32.566Z [31merror[39m: Error ma'lumotlari 
2024-12-24T03:16:32.567Z [33mwarn[39m: warn Ma'lumotlari 
2024-12-24T03:16:32.568Z [32minfo[39m: info Ma'lumotlari 
2024-12-24T03:16:34.977Z [32minfo[39m: Log Ma'lumotlari 
2024-12-24T03:16:34.979Z [31merror[39m: Error ma'lumotlari 
2024-12-24T03:16:34.979Z [33mwarn[39m: warn Ma'lumotlari 
2024-12-24T03:16:34.979Z [32minfo[39m: info Ma'lumotlari 
2024-12-24T03:16:41.813Z [32minfo[39m: Log Ma'lumotlari 
2024-12-24T03:16:41.815Z [31merror[39m: Error ma'lumotlari 
2024-12-24T03:16:41.817Z [33mwarn[39m: warn Ma'lumotlari 
2024-12-24T03:16:41.817Z [32minfo[39m: info Ma'lumotlari 
2024-12-24T03:17:00.715Z [32minfo[39m: Log Ma'lumotlari 
2024-12-24T03:17:00.717Z [31merror[39m: Error ma'lumotlari 
2024-12-24T03:17:00.718Z [33mwarn[39m: warn Ma'lumotlari 
2024-12-24T03:17:00.718Z [32minfo[39m: info Ma'lumotlari 
2024-12-24T03:17:07.874Z [32minfo[39m: Log Ma'lumotlari 
2024-12-24T03:17:07.877Z [31merror[39m: Error ma'lumotlari 
2024-12-24T03:17:07.878Z [33mwarn[39m: warn Ma'lumotlari 
2024-12-24T03:17:07.878Z [32minfo[39m: info Ma'lumotlari 
2024-12-24T03:17:16.211Z [32minfo[39m: Log Ma'lumotlari 
2024-12-24T03:17:16.213Z [31merror[39m: Error ma'lumotlari 
2024-12-24T03:17:16.214Z [33mwarn[39m: warn Ma'lumotlari 
2024-12-24T03:17:16.214Z [32minfo[39m: info Ma'lumotlari 
2024-12-24T03:17:25.355Z [32minfo[39m: Log Ma'lumotlari 
2024-12-24T03:17:25.357Z [31merror[39m: Error ma'lumotlari 
2024-12-24T03:17:25.358Z [33mwarn[39m: warn Ma'lumotlari 
2024-12-24T03:17:25.358Z [32minfo[39m: info Ma'lumotlari 
2024-12-24T03:17:31.710Z [32minfo[39m: Log Ma'lumotlari 
2024-12-24T03:17:31.712Z [31merror[39m: Error ma'lumotlari 
2024-12-24T03:17:31.712Z [33mwarn[39m: warn Ma'lumotlari 
2024-12-24T03:17:31.713Z [32minfo[39m: info Ma'lumotlari 
2024-12-24T03:17:34.454Z [32minfo[39m: Log Ma'lumotlari 
2024-12-24T03:17:34.456Z [31merror[39m: Error ma'lumotlari 
2024-12-24T03:17:34.457Z [33mwarn[39m: warn Ma'lumotlari 
2024-12-24T03:17:34.457Z [32minfo[39m: info Ma'lumotlari 
2024-12-24T04:17:18.569Z [32minfo[39m: Log Ma'lumotlari 
2024-12-24T04:17:18.571Z [31merror[39m: Error ma'lumotlari 
2024-12-24T04:17:18.572Z [33mwarn[39m: warn Ma'lumotlari 
2024-12-24T04:17:18.572Z [32minfo[39m: info Ma'lumotlari 
2024-12-24T04:17:19.229Z [32minfo[39m: Log Ma'lumotlari 
2024-12-24T04:17:19.231Z [31merror[39m: Error ma'lumotlari 
2024-12-24T04:17:19.232Z [33mwarn[39m: warn Ma'lumotlari 
2024-12-24T04:17:19.232Z [32minfo[39m: info Ma'lumotlari 
2024-12-24T10:54:33.926Z [31merror[39m: unhandledRejection: unhandledRejection example
Error: unhandledRejection example
    at C:\Users\saman\ITINFO\controllers\author.controller.js:71:14
    at new Promise (<anonymous>)
    at loginAuthor (C:\Users\saman\ITINFO\controllers\author.controller.js:70:5)
    at process.processTicksAndRejections (node:internal/process/task_queues:95:5) 
2024-12-24T11:18:49.833Z [31merror[39m: unhandledRejection: unhandledRejection example
Error: unhandledRejection example
    at C:\Users\saman\ITINFO\controllers\author.controller.js:71:14
    at new Promise (<anonymous>)
    at loginAuthor (C:\Users\saman\ITINFO\controllers\author.controller.js:70:5)
    at process.processTicksAndRejections (node:internal/process/task_queues:95:5) 
2024-12-25T07:46:25.865Z [31merror[39m: unhandledRejection: errorHandler is not defined
ReferenceError: errorHandler is not defined
    at C:\Users\saman\ITINFO\routes\view.routes.js:18:5
    at Layer.handle [as handle_request] (C:\Users\saman\ITINFO\node_modules\express\lib\router\layer.js:95:5)
    at next (C:\Users\saman\ITINFO\node_modules\express\lib\router\route.js:149:13)
    at Route.dispatch (C:\Users\saman\ITINFO\node_modules\express\lib\router\route.js:119:3)
    at Layer.handle [as handle_request] (C:\Users\saman\ITINFO\node_modules\express\lib\router\layer.js:95:5)
    at C:\Users\saman\ITINFO\node_modules\express\lib\router\index.js:284:15
    at Function.process_params (C:\Users\saman\ITINFO\node_modules\express\lib\router\index.js:346:12)
    at next (C:\Users\saman\ITINFO\node_modules\express\lib\router\index.js:280:10)
    at Function.handle (C:\Users\saman\ITINFO\node_modules\express\lib\router\index.js:175:3)
    at router (C:\Users\saman\ITINFO\node_modules\express\lib\router\index.js:47:12) 
2024-12-25T07:46:43.058Z [31merror[39m:  
2024-12-25T07:47:11.087Z [31merror[39m:  
2024-12-25T08:02:16.120Z [31merror[39m:  
2024-12-25T08:02:16.130Z [31merror[39m: unhandledRejection: Cannot read properties of undefined (reading 'status')
TypeError: Cannot read properties of undefined (reading 'status')
    at errorHandler (C:\Users\saman\ITINFO\helpers\error_Handler.js:5:14)
    at getAllDictionary (C:\Users\saman\ITINFO\controllers\dictionary.controller.js:11:5)
    at process.processTicksAndRejections (node:internal/process/task_queues:95:5) 
2024-12-25T08:02:17.337Z [31merror[39m:  
2024-12-25T08:02:17.341Z [31merror[39m: unhandledRejection: Cannot read properties of undefined (reading 'status')
TypeError: Cannot read properties of undefined (reading 'status')
    at errorHandler (C:\Users\saman\ITINFO\helpers\error_Handler.js:5:14)
    at getAllDictionary (C:\Users\saman\ITINFO\controllers\dictionary.controller.js:11:5)
    at process.processTicksAndRejections (node:internal/process/task_queues:95:5) 
2024-12-25T08:02:20.589Z [31merror[39m:  
2024-12-25T08:02:20.593Z [31merror[39m: unhandledRejection: Cannot read properties of undefined (reading 'status')
TypeError: Cannot read properties of undefined (reading 'status')
    at errorHandler (C:\Users\saman\ITINFO\helpers\error_Handler.js:5:14)
    at getAllDictionary (C:\Users\saman\ITINFO\controllers\dictionary.controller.js:11:5)
    at process.processTicksAndRejections (node:internal/process/task_queues:95:5) 
2024-12-25T08:03:02.214Z [31merror[39m:  
2024-12-25T08:03:02.219Z [31merror[39m: unhandledRejection: Cannot read properties of undefined (reading 'status')
TypeError: Cannot read properties of undefined (reading 'status')
    at errorHandler (C:\Users\saman\ITINFO\helpers\error_Handler.js:5:14)
    at getAllDictionary (C:\Users\saman\ITINFO\controllers\dictionary.controller.js:11:5)
    at process.processTicksAndRejections (node:internal/process/task_queues:95:5) 
2024-12-25T08:18:22.611Z [31merror[39m:  
2024-12-25T08:18:22.615Z [31merror[39m: unhandledRejection: Cannot read properties of undefined (reading 'status')
TypeError: Cannot read properties of undefined (reading 'status')
    at errorHandler (C:\Users\saman\ITINFO\helpers\error_Handler.js:5:14)
    at getAllDictionary (C:\Users\saman\ITINFO\controllers\dictionary.controller.js:11:5)
    at process.processTicksAndRejections (node:internal/process/task_queues:95:5) 
2024-12-25T08:18:24.609Z [31merror[39m:  
2024-12-25T08:18:24.614Z [31merror[39m: unhandledRejection: Cannot read properties of undefined (reading 'status')
TypeError: Cannot read properties of undefined (reading 'status')
    at errorHandler (C:\Users\saman\ITINFO\helpers\error_Handler.js:5:14)
    at getAllDictionary (C:\Users\saman\ITINFO\controllers\dictionary.controller.js:11:5)
    at process.processTicksAndRejections (node:internal/process/task_queues:95:5) 
2024-12-25T08:20:18.599Z [31merror[39m:  
2024-12-25T08:22:46.657Z [31merror[39m:  
2024-12-25T08:22:46.661Z [31merror[39m: unhandledRejection: Cannot read properties of undefined (reading 'status')
TypeError: Cannot read properties of undefined (reading 'status')
    at errorHandler (C:\Users\saman\ITINFO\helpers\error_Handler.js:5:14)
    at getAllDictionary (C:\Users\saman\ITINFO\controllers\dictionary.controller.js:11:5)
    at process.processTicksAndRejections (node:internal/process/task_queues:95:5) 
2024-12-25T08:22:48.305Z [31merror[39m:  
2024-12-25T08:22:48.310Z [31merror[39m: unhandledRejection: Cannot read properties of undefined (reading 'status')
TypeError: Cannot read properties of undefined (reading 'status')
    at errorHandler (C:\Users\saman\ITINFO\helpers\error_Handler.js:5:14)
    at getAllDictionary (C:\Users\saman\ITINFO\controllers\dictionary.controller.js:11:5)
    at process.processTicksAndRejections (node:internal/process/task_queues:95:5) 
2024-12-25T08:23:18.586Z [31merror[39m:  
2024-12-25T08:23:18.588Z [31merror[39m: unhandledRejection: Cannot read properties of undefined (reading 'status')
TypeError: Cannot read properties of undefined (reading 'status')
    at errorHandler (C:\Users\saman\ITINFO\helpers\error_Handler.js:5:14)
    at getAllDictionary (C:\Users\saman\ITINFO\controllers\dictionary.controller.js:11:5)
    at process.processTicksAndRejections (node:internal/process/task_queues:95:5) 
2024-12-25T08:25:33.311Z [31merror[39m:  
2024-12-25T08:25:33.314Z [31merror[39m: unhandledRejection: Cannot read properties of undefined (reading 'send')
TypeError: Cannot read properties of undefined (reading 'send')
    at errorHandler (C:\Users\saman\ITINFO\helpers\error_Handler.js:5:14)
    at getAllDictionary (C:\Users\saman\ITINFO\controllers\dictionary.controller.js:11:5)
    at process.processTicksAndRejections (node:internal/process/task_queues:95:5) 
2024-12-25T08:27:45.663Z [31merror[39m:  
2024-12-25T08:27:45.670Z [31merror[39m: unhandledRejection: Cannot read properties of undefined (reading 'status')
TypeError: Cannot read properties of undefined (reading 'status')
    at errorHandler (C:\Users\saman\ITINFO\helpers\error_Handler.js:5:14)
    at getAllDictionary (C:\Users\saman\ITINFO\controllers\dictionary.controller.js:11:5)
    at process.processTicksAndRejections (node:internal/process/task_queues:95:5) 
2024-12-25T08:46:16.045Z [31merror[39m:  
2024-12-25T08:47:24.498Z [31merror[39m:  
2024-12-25T08:49:15.891Z [31merror[39m:  
2024-12-25T08:51:18.029Z [31merror[39m:  
2024-12-25T10:43:38.626Z [31merror[39m:  
2024-12-25T10:47:02.639Z [31merror[39m:  
2024-12-25T11:46:13.612Z [31merror[39m:  
2024-12-25T11:46:13.622Z [31merror[39m:  
2024-12-25T11:46:49.480Z [31merror[39m:  
2024-12-25T11:46:49.484Z [31merror[39m:  
2024-12-25T19:45:21.330Z [31merror[39m:  
2024-12-25T19:45:37.609Z [31merror[39m:  
2024-12-25T20:07:51.786Z [31merror[39m:  
2024-12-25T20:18:23.719Z [31merror[39m:  
2024-12-25T20:28:19.584Z [31merror[39m:  
2024-12-25T20:29:15.230Z [31merror[39m:  
2024-12-25T20:34:24.560Z [31merror[39m:  
2024-12-26T06:19:10.213Z [31merror[39m:  
2024-12-26T06:19:36.505Z [31merror[39m:  
2024-12-26T06:20:37.712Z [31merror[39m:  
2024-12-26T06:21:10.947Z [31merror[39m:  
2024-12-26T06:21:45.788Z [31merror[39m:  
2024-12-26T06:24:30.487Z [31merror[39m:  
2024-12-26T06:24:40.415Z [31merror[39m:  
2024-12-26T06:33:53.839Z [31merror[39m:  
2024-12-26T08:41:54.487Z [31merror[39m:  
