2024-12-23T11:16:28.850Z [31merror[39m: Error ma'lumotlari 
2024-12-23T11:21:26.846Z [31merror[39m: Error ma'lumotlari 
2024-12-23T11:21:27.553Z [31merror[39m: Error ma'lumotlari 
2024-12-23T11:21:40.268Z [31merror[39m: Error ma'lumotlari 
2024-12-23T11:21:47.715Z [31merror[39m: Error ma'lumotlari 
2024-12-23T11:21:53.786Z [31merror[39m: Error ma'lumotlari 
2024-12-23T11:21:54.849Z [31merror[39m: Error ma'lumotlari 
2024-12-23T11:22:19.425Z [31merror[39m: Error ma'lumotlari 
2024-12-23T11:23:32.629Z [31merror[39m: Error ma'lumotlari 
2024-12-23T11:23:47.007Z [31merror[39m: Error ma'lumotlari 
2024-12-23T11:23:54.767Z [31merror[39m: Error ma'lumotlari 
2024-12-23T11:23:59.823Z [31merror[39m: Error ma'lumotlari 
2024-12-23T11:24:07.665Z [31merror[39m: Error ma'lumotlari 
2024-12-23T11:24:16.815Z [31merror[39m: Error ma'lumotlari 
2024-12-23T11:24:40.200Z [31merror[39m: Error ma'lumotlari 
2024-12-23T11:24:45.864Z [31merror[39m: Error ma'lumotlari 
2024-12-23T11:24:48.234Z [31merror[39m: Error ma'lumotlari 
2024-12-23T11:24:55.168Z [31merror[39m: Error ma'lumotlari 
2024-12-23T11:25:00.060Z [31merror[39m: Error ma'lumotlari 
2024-12-23T11:25:03.570Z [31merror[39m: Error ma'lumotlari 
2024-12-23T11:25:12.438Z [31merror[39m: Error ma'lumotlari 
2024-12-23T11:25:15.486Z [31merror[39m: Error ma'lumotlari 
2024-12-23T11:25:16.583Z [31merror[39m: Error ma'lumotlari 
2024-12-23T11:25:20.437Z [31merror[39m: Error ma'lumotlari 
2024-12-23T11:36:44.136Z [31merror[39m: Error ma'lumotlari 
2024-12-23T11:37:19.016Z [31merror[39m: Error ma'lumotlari 
2024-12-23T11:43:45.006Z [31merror[39m: Error ma'lumotlari 
2024-12-23T11:44:06.111Z [31merror[39m: Error ma'lumotlari 
2024-12-23T11:44:43.502Z [31merror[39m: Error ma'lumotlari 
2024-12-23T12:10:18.306Z [31merror[39m: Error ma'lumotlari 
2024-12-23T12:10:19.092Z [31merror[39m: Error ma'lumotlari 
2024-12-23T12:30:28.899Z [31merror[39m: Error ma'lumotlari 
2024-12-23T12:30:29.635Z [31merror[39m: Error ma'lumotlari 
2024-12-23T13:21:05.576Z [31merror[39m: Error ma'lumotlari 
2024-12-23T13:21:06.472Z [31merror[39m: Error ma'lumotlari 
2024-12-23T13:23:16.716Z [31merror[39m: Error ma'lumotlari 
2024-12-24T03:15:23.732Z [31merror[39m: Error ma'lumotlari 
2024-12-24T03:15:24.546Z [31merror[39m: Error ma'lumotlari 
2024-12-24T03:16:01.565Z [31merror[39m: Error ma'lumotlari 
2024-12-24T03:16:30.678Z [31merror[39m: Error ma'lumotlari 
2024-12-24T03:16:32.566Z [31merror[39m: Error ma'lumotlari 
2024-12-24T03:16:34.979Z [31merror[39m: Error ma'lumotlari 
2024-12-24T03:16:41.815Z [31merror[39m: Error ma'lumotlari 
2024-12-24T03:17:00.717Z [31merror[39m: Error ma'lumotlari 
2024-12-24T03:17:07.877Z [31merror[39m: Error ma'lumotlari 
2024-12-24T03:17:16.213Z [31merror[39m: Error ma'lumotlari 
2024-12-24T03:17:25.357Z [31merror[39m: Error ma'lumotlari 
2024-12-24T03:17:31.712Z [31merror[39m: Error ma'lumotlari 
2024-12-24T03:17:34.456Z [31merror[39m: Error ma'lumotlari 
2024-12-24T04:17:18.571Z [31merror[39m: Error ma'lumotlari 
2024-12-24T04:17:19.231Z [31merror[39m: Error ma'lumotlari 
2024-12-24T10:54:33.926Z [31merror[39m: unhandledRejection: unhandledRejection example
Error: unhandledRejection example
    at C:\Users\saman\ITINFO\controllers\author.controller.js:71:14
    at new Promise (<anonymous>)
    at loginAuthor (C:\Users\saman\ITINFO\controllers\author.controller.js:70:5)
    at process.processTicksAndRejections (node:internal/process/task_queues:95:5) 
2024-12-24T11:18:49.833Z [31merror[39m: unhandledRejection: unhandledRejection example
Error: unhandledRejection example
    at C:\Users\saman\ITINFO\controllers\author.controller.js:71:14
    at new Promise (<anonymous>)
    at loginAuthor (C:\Users\saman\ITINFO\controllers\author.controller.js:70:5)
    at process.processTicksAndRejections (node:internal/process/task_queues:95:5) 
2024-12-25T07:46:25.865Z [31merror[39m: unhandledRejection: errorHandler is not defined
ReferenceError: errorHandler is not defined
    at C:\Users\saman\ITINFO\routes\view.routes.js:18:5
    at Layer.handle [as handle_request] (C:\Users\saman\ITINFO\node_modules\express\lib\router\layer.js:95:5)
    at next (C:\Users\saman\ITINFO\node_modules\express\lib\router\route.js:149:13)
    at Route.dispatch (C:\Users\saman\ITINFO\node_modules\express\lib\router\route.js:119:3)
    at Layer.handle [as handle_request] (C:\Users\saman\ITINFO\node_modules\express\lib\router\layer.js:95:5)
    at C:\Users\saman\ITINFO\node_modules\express\lib\router\index.js:284:15
    at Function.process_params (C:\Users\saman\ITINFO\node_modules\express\lib\router\index.js:346:12)
    at next (C:\Users\saman\ITINFO\node_modules\express\lib\router\index.js:280:10)
    at Function.handle (C:\Users\saman\ITINFO\node_modules\express\lib\router\index.js:175:3)
    at router (C:\Users\saman\ITINFO\node_modules\express\lib\router\index.js:47:12) 
2024-12-25T07:46:43.058Z [31merror[39m:  
2024-12-25T07:47:11.087Z [31merror[39m:  
2024-12-25T08:02:16.120Z [31merror[39m:  
2024-12-25T08:02:16.130Z [31merror[39m: unhandledRejection: Cannot read properties of undefined (reading 'status')
TypeError: Cannot read properties of undefined (reading 'status')
    at errorHandler (C:\Users\saman\ITINFO\helpers\error_Handler.js:5:14)
    at getAllDictionary (C:\Users\saman\ITINFO\controllers\dictionary.controller.js:11:5)
    at process.processTicksAndRejections (node:internal/process/task_queues:95:5) 
2024-12-25T08:02:17.337Z [31merror[39m:  
2024-12-25T08:02:17.341Z [31merror[39m: unhandledRejection: Cannot read properties of undefined (reading 'status')
TypeError: Cannot read properties of undefined (reading 'status')
    at errorHandler (C:\Users\saman\ITINFO\helpers\error_Handler.js:5:14)
    at getAllDictionary (C:\Users\saman\ITINFO\controllers\dictionary.controller.js:11:5)
    at process.processTicksAndRejections (node:internal/process/task_queues:95:5) 
2024-12-25T08:02:20.589Z [31merror[39m:  
2024-12-25T08:02:20.593Z [31merror[39m: unhandledRejection: Cannot read properties of undefined (reading 'status')
TypeError: Cannot read properties of undefined (reading 'status')
    at errorHandler (C:\Users\saman\ITINFO\helpers\error_Handler.js:5:14)
    at getAllDictionary (C:\Users\saman\ITINFO\controllers\dictionary.controller.js:11:5)
    at process.processTicksAndRejections (node:internal/process/task_queues:95:5) 
2024-12-25T08:03:02.214Z [31merror[39m:  
2024-12-25T08:03:02.219Z [31merror[39m: unhandledRejection: Cannot read properties of undefined (reading 'status')
TypeError: Cannot read properties of undefined (reading 'status')
    at errorHandler (C:\Users\saman\ITINFO\helpers\error_Handler.js:5:14)
    at getAllDictionary (C:\Users\saman\ITINFO\controllers\dictionary.controller.js:11:5)
    at process.processTicksAndRejections (node:internal/process/task_queues:95:5) 
2024-12-25T08:18:22.611Z [31merror[39m:  
2024-12-25T08:18:22.615Z [31merror[39m: unhandledRejection: Cannot read properties of undefined (reading 'status')
TypeError: Cannot read properties of undefined (reading 'status')
    at errorHandler (C:\Users\saman\ITINFO\helpers\error_Handler.js:5:14)
    at getAllDictionary (C:\Users\saman\ITINFO\controllers\dictionary.controller.js:11:5)
    at process.processTicksAndRejections (node:internal/process/task_queues:95:5) 
2024-12-25T08:18:24.609Z [31merror[39m:  
2024-12-25T08:18:24.614Z [31merror[39m: unhandledRejection: Cannot read properties of undefined (reading 'status')
TypeError: Cannot read properties of undefined (reading 'status')
    at errorHandler (C:\Users\saman\ITINFO\helpers\error_Handler.js:5:14)
    at getAllDictionary (C:\Users\saman\ITINFO\controllers\dictionary.controller.js:11:5)
    at process.processTicksAndRejections (node:internal/process/task_queues:95:5) 
2024-12-25T08:20:18.599Z [31merror[39m:  
2024-12-25T08:22:46.657Z [31merror[39m:  
2024-12-25T08:22:46.661Z [31merror[39m: unhandledRejection: Cannot read properties of undefined (reading 'status')
TypeError: Cannot read properties of undefined (reading 'status')
    at errorHandler (C:\Users\saman\ITINFO\helpers\error_Handler.js:5:14)
    at getAllDictionary (C:\Users\saman\ITINFO\controllers\dictionary.controller.js:11:5)
    at process.processTicksAndRejections (node:internal/process/task_queues:95:5) 
2024-12-25T08:22:48.305Z [31merror[39m:  
2024-12-25T08:22:48.310Z [31merror[39m: unhandledRejection: Cannot read properties of undefined (reading 'status')
TypeError: Cannot read properties of undefined (reading 'status')
    at errorHandler (C:\Users\saman\ITINFO\helpers\error_Handler.js:5:14)
    at getAllDictionary (C:\Users\saman\ITINFO\controllers\dictionary.controller.js:11:5)
    at process.processTicksAndRejections (node:internal/process/task_queues:95:5) 
2024-12-25T08:23:18.586Z [31merror[39m:  
2024-12-25T08:23:18.588Z [31merror[39m: unhandledRejection: Cannot read properties of undefined (reading 'status')
TypeError: Cannot read properties of undefined (reading 'status')
    at errorHandler (C:\Users\saman\ITINFO\helpers\error_Handler.js:5:14)
    at getAllDictionary (C:\Users\saman\ITINFO\controllers\dictionary.controller.js:11:5)
    at process.processTicksAndRejections (node:internal/process/task_queues:95:5) 
2024-12-25T08:25:33.311Z [31merror[39m:  
2024-12-25T08:25:33.314Z [31merror[39m: unhandledRejection: Cannot read properties of undefined (reading 'send')
TypeError: Cannot read properties of undefined (reading 'send')
    at errorHandler (C:\Users\saman\ITINFO\helpers\error_Handler.js:5:14)
    at getAllDictionary (C:\Users\saman\ITINFO\controllers\dictionary.controller.js:11:5)
    at process.processTicksAndRejections (node:internal/process/task_queues:95:5) 
2024-12-25T08:27:45.663Z [31merror[39m:  
2024-12-25T08:27:45.670Z [31merror[39m: unhandledRejection: Cannot read properties of undefined (reading 'status')
TypeError: Cannot read properties of undefined (reading 'status')
    at errorHandler (C:\Users\saman\ITINFO\helpers\error_Handler.js:5:14)
    at getAllDictionary (C:\Users\saman\ITINFO\controllers\dictionary.controller.js:11:5)
    at process.processTicksAndRejections (node:internal/process/task_queues:95:5) 
2024-12-25T08:46:16.045Z [31merror[39m:  
2024-12-25T08:47:24.498Z [31merror[39m:  
2024-12-25T08:49:15.891Z [31merror[39m:  
2024-12-25T08:51:18.029Z [31merror[39m:  
2024-12-25T10:43:38.626Z [31merror[39m:  
2024-12-25T10:47:02.639Z [31merror[39m:  
2024-12-25T11:46:13.612Z [31merror[39m:  
2024-12-25T11:46:13.622Z [31merror[39m:  
2024-12-25T11:46:49.480Z [31merror[39m:  
2024-12-25T11:46:49.484Z [31merror[39m:  
2024-12-25T19:45:21.330Z [31merror[39m:  
2024-12-25T19:45:37.609Z [31merror[39m:  
2024-12-25T20:07:51.786Z [31merror[39m:  
2024-12-25T20:18:23.719Z [31merror[39m:  
2024-12-25T20:28:19.584Z [31merror[39m:  
2024-12-25T20:29:15.230Z [31merror[39m:  
2024-12-25T20:34:24.560Z [31merror[39m:  
2024-12-26T06:19:10.213Z [31merror[39m:  
2024-12-26T06:19:36.505Z [31merror[39m:  
2024-12-26T06:20:37.712Z [31merror[39m:  
2024-12-26T06:21:10.947Z [31merror[39m:  
2024-12-26T06:21:45.788Z [31merror[39m:  
2024-12-26T06:24:30.487Z [31merror[39m:  
2024-12-26T06:24:40.415Z [31merror[39m:  
2024-12-26T06:33:53.839Z [31merror[39m:  
2024-12-26T08:41:54.487Z [31merror[39m:  
